\BOOKMARK [1][-]{section.1}{Introduction}{}% 1
\BOOKMARK [2][-]{subsection.1.1}{Problem\040Statement}{section.1}% 2
\BOOKMARK [2][-]{subsection.1.2}{Purpose\040of\040project}{section.1}% 3
\BOOKMARK [2][-]{subsection.1.3}{Project\040Aim\040and\040Objectives}{section.1}% 4
\BOOKMARK [3][-]{subsubsection.1.3.1}{Aim}{subsection.1.3}% 5
\BOOKMARK [3][-]{subsubsection.1.3.2}{Objectives}{subsection.1.3}% 6
\BOOKMARK [2][-]{subsection.1.4}{Background\040and\040Related\040Work}{section.1}% 7
\BOOKMARK [1][-]{section.2}{Requirements\040Definition}{}% 8
\BOOKMARK [2][-]{subsection.2.1}{Basic\040Requirement\040Identification}{section.2}% 9
\BOOKMARK [2][-]{subsection.2.2}{Application\040Requirements}{section.2}% 10
\BOOKMARK [2][-]{subsection.2.3}{Use\040Case\040Descriptions}{section.2}% 11
\BOOKMARK [2][-]{subsection.2.4}{\040Data\040Gathering}{section.2}% 12
\BOOKMARK [1][-]{section.3}{System\040Design}{}% 13
\BOOKMARK [2][-]{subsection.3.1}{Choice\040of\040Development\040Methodology}{section.3}% 14
\BOOKMARK [2][-]{subsection.3.2}{Choice\040of\040Development\040Language}{section.3}% 15
\BOOKMARK [2][-]{subsection.3.3}{Choice\040of\040Development\040Library\040for\040Kinect}{section.3}% 16
\BOOKMARK [3][-]{subsubsection.3.3.1}{Open\040Kinect}{subsection.3.3}% 17
\BOOKMARK [3][-]{subsubsection.3.3.2}{Open\040NI\040SDK}{subsection.3.3}% 18
\BOOKMARK [3][-]{subsubsection.3.3.3}{Java\040For\040Kinect\040\(J4K\)}{subsection.3.3}% 19
\BOOKMARK [2][-]{subsection.3.4}{Design\040of\040first\040prototype}{section.3}% 20
\BOOKMARK [3][-]{subsubsection.3.4.1}{The\040Application\040Screen}{subsection.3.4}% 21
\BOOKMARK [2][-]{subsection.3.5}{Design\040of\040second\040prototype}{section.3}% 22
\BOOKMARK [3][-]{subsubsection.3.5.1}{Class\040Diagram}{subsection.3.5}% 23
\BOOKMARK [3][-]{subsubsection.3.5.2}{Explanation\040of\040dependencies}{subsection.3.5}% 24
\BOOKMARK [2][-]{subsection.3.6}{Design\040of\040third\040prototype}{section.3}% 25
\BOOKMARK [1][-]{section.4}{Application\040Development}{}% 26
\BOOKMARK [2][-]{subsection.4.1}{Implementation\040of\040first\040prototype}{section.4}% 27
\BOOKMARK [2][-]{subsection.4.2}{Implementation\040of\040second\040prototype}{section.4}% 28
\BOOKMARK [3][-]{subsubsection.4.2.1}{The\040Kinect\040Class}{subsection.4.2}% 29
\BOOKMARK [3][-]{subsubsection.4.2.2}{The\040TableModel\040class}{subsection.4.2}% 30
\BOOKMARK [3][-]{subsubsection.4.2.3}{MyTableData\040class}{subsection.4.2}% 31
\BOOKMARK [3][-]{subsubsection.4.2.4}{Implementation\040of\040Button\040Events}{subsection.4.2}% 32
\BOOKMARK [2][-]{subsection.4.3}{Implementation\040of\040third\040prototype}{section.4}% 33
\BOOKMARK [1][-]{section.5}{Testing}{}% 34
